#
# There is insufficient memory for the Java Runtime Environment to continue.
# Native memory allocation (malloc) failed to allocate 1523536 bytes for Chunk::new
# Possible reasons:
#   The system is out of physical RAM or swap space
#   In 32 bit mode, the process size limit was hit
# Possible solutions:
#   Reduce memory load on the system
#   Increase physical memory or swap space
#   Check if swap backing store is full
#   Use 64 bit Java on a 64 bit OS
#   Decrease Java heap size (-Xmx/-Xms)
#   Decrease number of Java threads
#   Decrease Java thread stack sizes (-Xss)
#   Set larger code cache with -XX:ReservedCodeCacheSize=
# This output file may be truncated or incomplete.
#
#  Out of Memory Error (allocation.cpp:390), pid=7576, tid=2420
#
# JRE version: Java(TM) SE Runtime Environment (8.0_25-b18) (build 1.8.0_25-b18)
# Java VM: Java HotSpot(TM) 64-Bit Server VM (25.25-b02 mixed mode windows-amd64 compressed oops)
# Failed to write core dump. Minidumps are not enabled by default on client versions of Windows
#

---------------  T H R E A D  ---------------

Current thread (0x0000000014e1d000):  JavaThread "C2 CompilerThread0" daemon [_thread_in_native, id=2420, stack(0x0000000016380000,0x0000000016480000)]

Stack: [0x0000000016380000,0x0000000016480000]
Native frames: (J=compiled Java code, j=interpreted, Vv=VM code, C=native code)
V  [jvm.dll+0x31667a]
V  [jvm.dll+0x267073]
V  [jvm.dll+0x267cb3]
V  [jvm.dll+0x25f5b5]
V  [jvm.dll+0xbf165]
V  [jvm.dll+0xbf60c]
V  [jvm.dll+0x45d672]
V  [jvm.dll+0x49e8ef]
V  [jvm.dll+0x452b41]
V  [jvm.dll+0x453864]
V  [jvm.dll+0x437372]
V  [jvm.dll+0x98a02]
V  [jvm.dll+0x991f3]
V  [jvm.dll+0x22bde4]
V  [jvm.dll+0x2852fa]
C  [msvcr100.dll+0x21d9f]
C  [msvcr100.dll+0x21e3b]
C  [KERNEL32.DLL+0x16ad]
C  [ntdll.dll+0x54409]


Current CompileTask:
C2:   1199 1303   !   4       com.android.dx.cf.cst.ConstantPoolParser::parse0 (731 bytes)


---------------  P R O C E S S  ---------------

Java Threads: ( => current thread )
  0x0000000014e6a800 JavaThread "Service Thread" daemon [_thread_blocked, id=6344, stack(0x0000000016680000,0x0000000016780000)]
  0x0000000014e69000 JavaThread "C1 CompilerThread2" daemon [_thread_blocked, id=1456, stack(0x0000000016580000,0x0000000016680000)]
  0x0000000014e66800 JavaThread "C2 CompilerThread1" daemon [_thread_in_native, id=2336, stack(0x0000000016480000,0x0000000016580000)]
=>0x0000000014e1d000 JavaThread "C2 CompilerThread0" daemon [_thread_in_native, id=2420, stack(0x0000000016380000,0x0000000016480000)]
  0x0000000014e1b800 JavaThread "Attach Listener" daemon [_thread_blocked, id=2184, stack(0x0000000016280000,0x0000000016380000)]
  0x0000000014e1b000 JavaThread "Signal Dispatcher" daemon [_thread_blocked, id=6412, stack(0x0000000016180000,0x0000000016280000)]
  0x0000000002740800 JavaThread "Finalizer" daemon [_thread_blocked, id=7768, stack(0x0000000016080000,0x0000000016180000)]
  0x000000000273d000 JavaThread "Reference Handler" daemon [_thread_blocked, id=6788, stack(0x0000000015f80000,0x0000000016080000)]
  0x00000000009ad800 JavaThread "main" [_thread_in_Java, id=7900, stack(0x0000000002550000,0x0000000002650000)]

Other Threads:
  0x0000000014de6800 VMThread [stack: 0x0000000015e80000,0x0000000015f80000] [id=8000]
  0x0000000014e75000 WatcherThread [stack: 0x0000000016780000,0x0000000016880000] [id=6168]

VM state:not at safepoint (normal execution)

VM Mutex/Monitor currently owned by a thread: None

Heap:
 PSYoungGen      total 38400K, used 33280K [0x00000000eab00000, 0x00000000ed580000, 0x0000000100000000)
  eden space 33280K, 100% used [0x00000000eab00000,0x00000000ecb80000,0x00000000ecb80000)
  from space 5120K, 0% used [0x00000000ed080000,0x00000000ed080000,0x00000000ed580000)
  to   space 5120K, 0% used [0x00000000ecb80000,0x00000000ecb80000,0x00000000ed080000)
 ParOldGen       total 87552K, used 0K [0x00000000c0000000, 0x00000000c5580000, 0x00000000eab00000)
  object space 87552K, 0% used [0x00000000c0000000,0x00000000c0000000,0x00000000c5580000)
 Metaspace       used 5653K, capacity 6960K, committed 7040K, reserved 1056768K
  class space    used 547K, capacity 616K, committed 640K, reserved 1048576K

Card table byte_map: [0x0000000011b10000,0x0000000011d20000] byte_map_base: 0x0000000011510000

Marking Bits: (ParMarkBitMap*) 0x000000006c24d490
 Begin Bits: [0x0000000012280000, 0x0000000013280000)
 End Bits:   [0x0000000013280000, 0x0000000014280000)

Polling page: 0x00000000009b0000

CodeCache: size=245760Kb used=5667Kb max_used=5667Kb free=240092Kb
 bounds [0x0000000002750000, 0x0000000002ce0000, 0x0000000011750000]
 total_blobs=1606 nmethods=1346 adapters=174
 compilation: enabled

Compilation events (10 events):
Event: 1.177 Thread 0x0000000014e69000 1339       3       com.android.dx.ssa.NormalSsaInsn::clone (5 bytes)
Event: 1.177 Thread 0x0000000014e69000 nmethod 1339 0x0000000002cd6e50 code [0x0000000002cd6fe0, 0x0000000002cd7538]
Event: 1.177 Thread 0x0000000014e69000 1341       3       com.android.dx.ssa.SsaBasicBlock::insertNewSuccessor (228 bytes)
Event: 1.178 Thread 0x0000000014e66800 1343       4       com.android.dx.ssa.LiteralOpUpgrader$1::visitNonMoveInsn (203 bytes)
Event: 1.178 Thread 0x0000000014e69000 nmethod 1341 0x0000000002cd7c90 code [0x0000000002cd7fc0, 0x0000000002cd94a8]
Event: 1.178 Thread 0x0000000014e69000 1342       3       com.android.dx.rop.cst.TypedConstant::getBasicType (8 bytes)
Event: 1.178 Thread 0x0000000014e69000 nmethod 1342 0x0000000002cd6990 code [0x0000000002cd6b00, 0x0000000002cd6da8]
Event: 1.178 Thread 0x0000000014e69000 1340       3       com.android.dx.ssa.NormalSsaInsn::clone (8 bytes)
Event: 1.179 Thread 0x0000000014e69000 nmethod 1340 0x0000000002cd9f10 code [0x0000000002cda0a0, 0x0000000002cda518]
Event: 1.187 Thread 0x0000000014e69000 1345       1       com.android.dx.ssa.back.FirstFitLocalCombiningAllocator$Multiset::getSize (5 bytes)

GC Heap History (0 events):
No events

Deoptimization events (10 events):
Event: 0.743 Thread 0x00000000009ad800 Uncommon trap: reason=unreached action=reinterpret pc=0x0000000002aab60c method=com.android.dx.rop.code.LocalItem.hashCode()I @ 25
Event: 0.743 Thread 0x00000000009ad800 Uncommon trap: reason=unreached action=reinterpret pc=0x0000000002a5fc88 method=com.android.dx.rop.code.LocalItem.hashCode()I @ 25
Event: 0.743 Thread 0x00000000009ad800 Uncommon trap: reason=unreached action=reinterpret pc=0x0000000002ac1048 method=com.android.dx.rop.code.LocalItem.hashCode()I @ 25
Event: 1.087 Thread 0x00000000009ad800 Uncommon trap: reason=class_check action=maybe_recompile pc=0x00000000029e3690 method=com.android.dx.rop.type.Type.equals(Ljava/lang/Object;)Z @ 8
Event: 1.136 Thread 0x00000000009ad800 Uncommon trap: reason=class_check action=maybe_recompile pc=0x0000000002cba8c0 method=com.android.dx.ssa.SsaMethod.isRegALocal(Lcom/android/dx/rop/code/RegisterSpec;)Z @ 16
Event: 1.136 Thread 0x00000000009ad800 Uncommon trap: reason=class_check action=maybe_recompile pc=0x0000000002cba8c0 method=com.android.dx.ssa.SsaMethod.isRegALocal(Lcom/android/dx/rop/code/RegisterSpec;)Z @ 16
Event: 1.136 Thread 0x00000000009ad800 Uncommon trap: reason=class_check action=maybe_recompile pc=0x0000000002cba8c0 method=com.android.dx.ssa.SsaMethod.isRegALocal(Lcom/android/dx/rop/code/RegisterSpec;)Z @ 16
Event: 1.136 Thread 0x00000000009ad800 Uncommon trap: reason=class_check action=maybe_recompile pc=0x0000000002cba8c0 method=com.android.dx.ssa.SsaMethod.isRegALocal(Lcom/android/dx/rop/code/RegisterSpec;)Z @ 16
Event: 1.144 Thread 0x00000000009ad800 Uncommon trap: reason=unreached action=reinterpret pc=0x0000000002a3e4dc method=com.android.dx.rop.cst.Constant.compareTo(Lcom/android/dx/rop/cst/Constant;)I @ 12
Event: 1.147 Thread 0x00000000009ad800 Uncommon trap: reason=class_check action=maybe_recompile pc=0x00000000029e3690 method=com.android.dx.rop.type.Type.equals(Ljava/lang/Object;)Z @ 8

Internal exceptions (2 events):
Event: 0.091 Thread 0x00000000009ad800 Exception <a 'java/lang/NoSuchMethodError': Method sun.misc.Unsafe.defineClass(Ljava/lang/String;[BII)Ljava/lang/Class; name or signature does not match> (0x00000000eab0c628) thrown at [D:\re\workspace\8-2-build-windows-amd64-cygwin\jdk8u25\1677\hotspot\sr
Event: 0.091 Thread 0x00000000009ad800 Exception <a 'java/lang/NoSuchMethodError': Method sun.misc.Unsafe.prefetchRead(Ljava/lang/Object;J)V name or signature does not match> (0x00000000eab0c8b8) thrown at [D:\re\workspace\8-2-build-windows-amd64-cygwin\jdk8u25\1677\hotspot\src\share\vm\prims\j

Events (10 events):
Event: 1.136 Thread 0x00000000009ad800 DEOPT UNPACKING pc=0x000000000279556a sp=0x000000000264e388 mode 2
Event: 1.136 Thread 0x00000000009ad800 Uncommon trap: trap_request=0xffffffde fr.pc=0x0000000002cba8c0
Event: 1.136 Thread 0x00000000009ad800 DEOPT PACKING pc=0x0000000002cba8c0 sp=0x000000000264e470
Event: 1.136 Thread 0x00000000009ad800 DEOPT UNPACKING pc=0x000000000279556a sp=0x000000000264e388 mode 2
Event: 1.144 Thread 0x00000000009ad800 Uncommon trap: trap_request=0xffffffad fr.pc=0x0000000002a3e4dc
Event: 1.144 Thread 0x00000000009ad800 DEOPT PACKING pc=0x0000000002a3e4dc sp=0x000000000264e0b0
Event: 1.145 Thread 0x00000000009ad800 DEOPT UNPACKING pc=0x000000000279556a sp=0x000000000264e050 mode 2
Event: 1.147 Thread 0x00000000009ad800 Uncommon trap: trap_request=0xffffffde fr.pc=0x00000000029e3690
Event: 1.147 Thread 0x00000000009ad800 DEOPT PACKING pc=0x00000000029e3690 sp=0x000000000264e420
Event: 1.147 Thread 0x00000000009ad800 DEOPT UNPACKING pc=0x000000000279556a sp=0x000000000264e198 mode 2


Dynamic libraries:
0x00007ff69cc30000 - 0x00007ff69cc64000 	C:\PROGRA~1\Java\JDK18~1.0_2\bin\java.exe
0x00007ffa1fe30000 - 0x00007ffa1ffd6000 	C:\WINDOWS\SYSTEM32\ntdll.dll
0x00007ffa1fcf0000 - 0x00007ffa1fe2a000 	C:\WINDOWS\system32\KERNEL32.DLL
0x00007ffa1d550000 - 0x00007ffa1d65f000 	C:\WINDOWS\system32\KERNELBASE.dll
0x00007ffa1bd70000 - 0x00007ffa1bdf8000 	C:\WINDOWS\system32\apphelp.dll
0x00007ffa10d30000 - 0x00007ffa10d7f000 	C:\WINDOWS\AppPatch\AppPatch64\AcGenral.DLL
0x00007ffa1d9a0000 - 0x00007ffa1da47000 	C:\WINDOWS\system32\msvcrt.dll
0x00007ffa1cfa0000 - 0x00007ffa1cfcb000 	C:\WINDOWS\SYSTEM32\SspiCli.dll
0x00007ffa1da50000 - 0x00007ffa1daa1000 	C:\WINDOWS\system32\SHLWAPI.dll
0x00007ffa1e1e0000 - 0x00007ffa1e351000 	C:\WINDOWS\system32\USER32.dll
0x00007ffa1d6b0000 - 0x00007ffa1d828000 	C:\WINDOWS\system32\ole32.dll
0x00007ffa1e870000 - 0x00007ffa1fc7f000 	C:\WINDOWS\system32\SHELL32.dll
0x00007ffa1c8c0000 - 0x00007ffa1c8de000 	C:\WINDOWS\SYSTEM32\USERENV.dll
0x00007ffa1e5e0000 - 0x00007ffa1e685000 	C:\WINDOWS\system32\ADVAPI32.dll
0x00007ffa12fc0000 - 0x00007ffa12fdb000 	C:\WINDOWS\SYSTEM32\MPR.dll
0x00007ffa1e040000 - 0x00007ffa1e177000 	C:\WINDOWS\system32\RPCRT4.dll
0x00007ffa1fc80000 - 0x00007ffa1fcd7000 	C:\WINDOWS\SYSTEM32\sechost.dll
0x00007ffa1de60000 - 0x00007ffa1e036000 	C:\WINDOWS\SYSTEM32\combase.dll
0x00007ffa1dcb0000 - 0x00007ffa1ddf4000 	C:\WINDOWS\system32\GDI32.dll
0x00007ffa1d1a0000 - 0x00007ffa1d1b4000 	C:\WINDOWS\SYSTEM32\profapi.dll
0x00007ffa1b760000 - 0x00007ffa1b7ff000 	C:\WINDOWS\SYSTEM32\SHCORE.dll
0x00007ffa1dc70000 - 0x00007ffa1dca4000 	C:\WINDOWS\system32\IMM32.DLL
0x00007ffa1e390000 - 0x00007ffa1e4c9000 	C:\WINDOWS\system32\MSCTF.dll
0x00007ffa1d150000 - 0x00007ffa1d181000 	C:\Windows\system32\nvinitx.dll
0x00007ffa1b180000 - 0x00007ffa1b3da000 	C:\WINDOWS\WinSxS\amd64_microsoft.windows.common-controls_6595b64144ccf1df_6.0.9600.17031_none_6242a4b3ecbb55a1\COMCTL32.dll
0x000000006b5a0000 - 0x000000006b672000 	C:\PROGRA~1\Java\JDK18~1.0_2\jre\bin\msvcr100.dll
0x000000006ba70000 - 0x000000006c2ca000 	C:\PROGRA~1\Java\JDK18~1.0_2\jre\bin\server\jvm.dll
0x00007ffa12ea0000 - 0x00007ffa12ea9000 	C:\WINDOWS\SYSTEM32\WSOCK32.dll
0x00007ffa19550000 - 0x00007ffa1956f000 	C:\WINDOWS\SYSTEM32\WINMM.dll
0x00007ffa1e370000 - 0x00007ffa1e377000 	C:\WINDOWS\system32\PSAPI.DLL
0x00007ffa1e4d0000 - 0x00007ffa1e528000 	C:\WINDOWS\system32\WS2_32.dll
0x00007ffa194e0000 - 0x00007ffa1950a000 	C:\WINDOWS\SYSTEM32\WINMMBASE.dll
0x00007ffa1e380000 - 0x00007ffa1e389000 	C:\WINDOWS\system32\NSI.dll
0x00007ffa1d660000 - 0x00007ffa1d6aa000 	C:\WINDOWS\SYSTEM32\cfgmgr32.dll
0x00007ffa1bfd0000 - 0x00007ffa1bff6000 	C:\WINDOWS\SYSTEM32\DEVOBJ.dll
0x000000006ba60000 - 0x000000006ba6f000 	C:\PROGRA~1\Java\JDK18~1.0_2\jre\bin\verify.dll
0x000000006ba30000 - 0x000000006ba58000 	C:\PROGRA~1\Java\JDK18~1.0_2\jre\bin\java.dll
0x000000006ba10000 - 0x000000006ba26000 	C:\PROGRA~1\Java\JDK18~1.0_2\jre\bin\zip.dll
0x00007ffa10850000 - 0x00007ffa109d8000 	C:\WINDOWS\SYSTEM32\dbghelp.dll

VM Arguments:
jvm_args: -Xmx1024M -Xss1m -Djava.ext.dirs=D:\Android SDK\build-tools\21.1.2\lib 
java_command: D:\Android SDK\build-tools\21.1.2\lib\dx.jar --dex --output E:\Projekte\SpotiCast2\app\build\intermediates\pre-dexed\debug\internal_impl-21.0.3-c23f449dece2cbec5b4feab7db0b2b16cbcd326e.jar E:\Projekte\SpotiCast2\app\build\intermediates\exploded-aar\com.android.support\support-v4\21.0.3\libs\internal_impl-21.0.3.jar
java_class_path (initial): D:\Android SDK\build-tools\21.1.2\lib\dx.jar
Launcher Type: SUN_STANDARD

Environment Variables:
JAVA_HOME=C:\Program Files\Java\jdk1.8.0_25
PATH=C:\ProgramData\Oracle\Java\javapath;C:\Program Files (x86)\NVIDIA Corporation\PhysX\Common;C:\WINDOWS\system32;C:\WINDOWS;C:\WINDOWS\System32\Wbem;C:\WINDOWS\System32\WindowsPowerShell\v1.0\;C:\Program Files (x86)\Intel\OpenCL SDK\2.0\bin\x86;C:\Program Files (x86)\Intel\OpenCL SDK\2.0\bin\x64;C:\Program Files\Microsoft SQL Server\110\Tools\Binn\;D:\Tortoise\bin;C:\Program Files\Microsoft Network Monitor 3\;C:\Program Files\Microsoft\Web Platform Installer\;C:\Program Files (x86)\Microsoft SDKs\TypeScript\1.0\;C:\Program Files\Java\jdk1.8.0_25;C:\Ruby200-x64\bin;C:\Program Files\Java\jdk1.8.0_25\bin
USERNAME=Patrick
OS=Windows_NT
PROCESSOR_IDENTIFIER=Intel64 Family 6 Model 58 Stepping 9, GenuineIntel



---------------  S Y S T E M  ---------------

OS: Windows 8.1 , 64 bit Build 9600 

CPU:total 4 (4 cores per cpu, 1 threads per core) family 6 model 58 stepping 9, cmov, cx8, fxsr, mmx, sse, sse2, sse3, ssse3, sse4.1, sse4.2, popcnt, avx, aes, clmul, erms, tsc, tscinvbit, tscinv

Memory: 4k page, physical 8270520k(1470992k free), swap 9319096k(5244k free)

vm_info: Java HotSpot(TM) 64-Bit Server VM (25.25-b02) for windows-amd64 JRE (1.8.0_25-b18), built on Oct  7 2014 14:25:37 by "java_re" with MS VC++ 10.0 (VS2010)

time: Sat Dec 13 19:43:22 2014
elapsed time: 1 seconds (0d 0h 0m 1s)

