#
# There is insufficient memory for the Java Runtime Environment to continue.
# Native memory allocation (malloc) failed to allocate 32744 bytes for ChunkPool::allocate
# Possible reasons:
#   The system is out of physical RAM or swap space
#   In 32 bit mode, the process size limit was hit
# Possible solutions:
#   Reduce memory load on the system
#   Increase physical memory or swap space
#   Check if swap backing store is full
#   Use 64 bit Java on a 64 bit OS
#   Decrease Java heap size (-Xmx/-Xms)
#   Decrease number of Java threads
#   Decrease Java thread stack sizes (-Xss)
#   Set larger code cache with -XX:ReservedCodeCacheSize=
# This output file may be truncated or incomplete.
#
#  Out of Memory Error (allocation.cpp:273), pid=6664, tid=6700
#
# JRE version: Java(TM) SE Runtime Environment (8.0_25-b18) (build 1.8.0_25-b18)
# Java VM: Java HotSpot(TM) 64-Bit Server VM (25.25-b02 mixed mode windows-amd64 compressed oops)
# Failed to write core dump. Minidumps are not enabled by default on client versions of Windows
#

---------------  T H R E A D  ---------------

Current thread (0x00000000146dc800):  JavaThread "C1 CompilerThread2" daemon [_thread_in_native, id=6700, stack(0x0000000015de0000,0x0000000015ee0000)]

Stack: [0x0000000015de0000,0x0000000015ee0000]
Native frames: (J=compiled Java code, j=interpreted, Vv=VM code, C=native code)
V  [jvm.dll+0x31667a]


Current CompileTask:
C1:    145   84       3       sun.nio.cs.UTF_8$Decoder::decode (779 bytes)


---------------  P R O C E S S  ---------------

Java Threads: ( => current thread )
  0x00000000146e0000 JavaThread "Service Thread" daemon [_thread_blocked, id=6680, stack(0x0000000015ee0000,0x0000000015fe0000)]
=>0x00000000146dc800 JavaThread "C1 CompilerThread2" daemon [_thread_in_native, id=6700, stack(0x0000000015de0000,0x0000000015ee0000)]
  0x00000000146ce000 JavaThread "C2 CompilerThread1" daemon [_thread_blocked, id=7428, stack(0x0000000015ce0000,0x0000000015de0000)]
  0x000000001468d000 JavaThread "C2 CompilerThread0" daemon [_thread_blocked, id=3868, stack(0x0000000015be0000,0x0000000015ce0000)]
  0x000000001468b800 JavaThread "Attach Listener" daemon [_thread_blocked, id=6384, stack(0x0000000015ae0000,0x0000000015be0000)]
  0x000000001468b000 JavaThread "Signal Dispatcher" daemon [_thread_blocked, id=6600, stack(0x00000000159e0000,0x0000000015ae0000)]
  0x0000000001fb0800 JavaThread "Finalizer" daemon [_thread_blocked, id=1584, stack(0x00000000158e0000,0x00000000159e0000)]
  0x0000000001fad000 JavaThread "Reference Handler" daemon [_thread_blocked, id=5068, stack(0x00000000157e0000,0x00000000158e0000)]
  0x0000000001dbd800 JavaThread "main" [_thread_in_native, id=7628, stack(0x0000000001dc0000,0x0000000001ec0000)]

Other Threads:
  0x0000000014656800 VMThread [stack: 0x00000000156e0000,0x00000000157e0000] [id=5032]
  0x00000000146e3000 WatcherThread [stack: 0x0000000015fe0000,0x00000000160e0000] [id=1792]

VM state:not at safepoint (normal execution)

VM Mutex/Monitor currently owned by a thread: None

Heap:
 PSYoungGen      total 38400K, used 3348K [0x00000000eab00000, 0x00000000ed580000, 0x0000000100000000)
  eden space 33280K, 10% used [0x00000000eab00000,0x00000000eae45048,0x00000000ecb80000)
  from space 5120K, 0% used [0x00000000ed080000,0x00000000ed080000,0x00000000ed580000)
  to   space 5120K, 0% used [0x00000000ecb80000,0x00000000ecb80000,0x00000000ed080000)
 ParOldGen       total 87552K, used 0K [0x00000000c0000000, 0x00000000c5580000, 0x00000000eab00000)
  object space 87552K, 0% used [0x00000000c0000000,0x00000000c0000000,0x00000000c5580000)
 Metaspace       used 3089K, capacity 4720K, committed 4864K, reserved 1056768K
  class space    used 340K, capacity 424K, committed 512K, reserved 1048576K

Card table byte_map: [0x0000000011380000,0x0000000011590000] byte_map_base: 0x0000000010d80000

Marking Bits: (ParMarkBitMap*) 0x000000006c24d490
 Begin Bits: [0x0000000011af0000, 0x0000000012af0000)
 End Bits:   [0x0000000012af0000, 0x0000000013af0000)

Polling page: 0x0000000000480000

CodeCache: size=245760Kb used=1190Kb max_used=1190Kb free=244569Kb
 bounds [0x0000000001fc0000, 0x0000000002230000, 0x0000000010fc0000]
 total_blobs=324 nmethods=84 adapters=154
 compilation: enabled

Compilation events (10 events):
Event: 0.138 Thread 0x00000000146dc800 nmethod 78 0x00000000020e7cd0 code [0x00000000020e7e60, 0x00000000020e8138]
Event: 0.138 Thread 0x00000000146dc800   80       3       java.util.Date::getCalendarSystem (15 bytes)
Event: 0.138 Thread 0x00000000146dc800 nmethod 80 0x00000000020e8250 code [0x00000000020e83e0, 0x00000000020e88e8]
Event: 0.138 Thread 0x00000000146dc800   79       1       java.util.zip.ZipCoder::isUTF8 (5 bytes)
Event: 0.139 Thread 0x00000000146dc800 nmethod 79 0x00000000020e8a50 code [0x00000000020e8ba0, 0x00000000020e8cb0]
Event: 0.139 Thread 0x00000000146dc800   81       1       sun.util.calendar.CalendarDate::isStandardTime (5 bytes)
Event: 0.139 Thread 0x00000000146dc800 nmethod 81 0x00000000020e8d10 code [0x00000000020e8e60, 0x00000000020e8f70]
Event: 0.139 Thread 0x00000000146dc800   82       1       sun.util.calendar.BaseCalendar$Date::getCachedYear (5 bytes)
Event: 0.139 Thread 0x00000000146dc800 nmethod 82 0x00000000020e8fd0 code [0x00000000020e9120, 0x00000000020e9230]
Event: 0.141 Thread 0x00000000146dc800   84       3       sun.nio.cs.UTF_8$Decoder::decode (779 bytes)

GC Heap History (0 events):
No events

Deoptimization events (0 events):
No events

Internal exceptions (2 events):
Event: 0.049 Thread 0x0000000001dbd800 Exception <a 'java/lang/NoSuchMethodError': Method sun.misc.Unsafe.defineClass(Ljava/lang/String;[BII)Ljava/lang/Class; name or signature does not match> (0x00000000eab0c5f8) thrown at [D:\re\workspace\8-2-build-windows-amd64-cygwin\jdk8u25\1677\hotspot\srpX©?
Event: 0.050 Thread 0x0000000001dbd800 Exception <a 'java/lang/NoSuchMethodError': Method sun.misc.Unsafe.prefetchRead(Ljava/lang/Object;J)V name or signature does not match> (0x00000000eab0c888) thrown at [D:\re\workspace\8-2-build-windows-amd64-cygwin\jdk8u25\1677\hotspot\src\share\vm\prims\j

Events (10 events):
Event: 0.134 loading class com/android/dx/dex/file/ClassDefsSection
Event: 0.134 loading class com/android/dx/dex/file/ClassDefsSection done
Event: 0.135 loading class com/android/dx/cf/direct/ClassPathOpener
Event: 0.135 loading class com/android/dx/cf/direct/ClassPathOpener done
Event: 0.135 loading class com/android/dx/cf/direct/ClassPathOpener$1
Event: 0.135 loading class com/android/dx/cf/direct/ClassPathOpener$1 done
Event: 0.135 loading class com/android/dx/command/dexer/Main$1
Event: 0.135 loading class com/android/dx/command/dexer/Main$1 done
Event: 0.136 loading class java/util/zip/ZipFile$ZipEntryIterator
Event: 0.136 loading class java/util/zip/ZipFile$ZipEntryIterator done


Dynamic libraries:
0x00007ff69cc30000 - 0x00007ff69cc64000 	C:\PROGRA~1\Java\JDK18~1.0_2\bin\java.exe
0x00007ffa1fe30000 - 0x00007ffa1ffd6000 	C:\WINDOWS\SYSTEM32\ntdll.dll
0x00007ffa1fcf0000 - 0x00007ffa1fe2a000 	C:\WINDOWS\system32\KERNEL32.DLL
0x00007ffa1d550000 - 0x00007ffa1d65f000 	C:\WINDOWS\system32\KERNELBASE.dll
0x00007ffa1bd70000 - 0x00007ffa1bdf8000 	C:\WINDOWS\system32\apphelp.dll
0x00007ffa10d30000 - 0x00007ffa10d7f000 	C:\WINDOWS\AppPatch\AppPatch64\AcGenral.DLL
0x00007ffa1d9a0000 - 0x00007ffa1da47000 	C:\WINDOWS\system32\msvcrt.dll
0x00007ffa1cfa0000 - 0x00007ffa1cfcb000 	C:\WINDOWS\SYSTEM32\SspiCli.dll
0x00007ffa1da50000 - 0x00007ffa1daa1000 	C:\WINDOWS\system32\SHLWAPI.dll
0x00007ffa1e1e0000 - 0x00007ffa1e351000 	C:\WINDOWS\system32\USER32.dll
0x00007ffa1d6b0000 - 0x00007ffa1d828000 	C:\WINDOWS\system32\ole32.dll
0x00007ffa1e870000 - 0x00007ffa1fc7f000 	C:\WINDOWS\system32\SHELL32.dll
0x00007ffa1c8c0000 - 0x00007ffa1c8de000 	C:\WINDOWS\SYSTEM32\USERENV.dll
0x00007ffa1e5e0000 - 0x00007ffa1e685000 	C:\WINDOWS\system32\ADVAPI32.dll
0x00007ffa12fc0000 - 0x00007ffa12fdb000 	C:\WINDOWS\SYSTEM32\MPR.dll
0x00007ffa1e040000 - 0x00007ffa1e177000 	C:\WINDOWS\system32\RPCRT4.dll
0x00007ffa1fc80000 - 0x00007ffa1fcd7000 	C:\WINDOWS\SYSTEM32\sechost.dll
0x00007ffa1de60000 - 0x00007ffa1e036000 	C:\WINDOWS\SYSTEM32\combase.dll
0x00007ffa1dcb0000 - 0x00007ffa1ddf4000 	C:\WINDOWS\system32\GDI32.dll
0x00007ffa1d1a0000 - 0x00007ffa1d1b4000 	C:\WINDOWS\SYSTEM32\profapi.dll
0x00007ffa1b760000 - 0x00007ffa1b7ff000 	C:\WINDOWS\SYSTEM32\SHCORE.dll
0x00007ffa1dc70000 - 0x00007ffa1dca4000 	C:\WINDOWS\system32\IMM32.DLL
0x00007ffa1e390000 - 0x00007ffa1e4c9000 	C:\WINDOWS\system32\MSCTF.dll
0x00007ffa1d150000 - 0x00007ffa1d181000 	C:\Windows\system32\nvinitx.dll
0x00007ffa1b180000 - 0x00007ffa1b3da000 	C:\WINDOWS\WinSxS\amd64_microsoft.windows.common-controls_6595b64144ccf1df_6.0.9600.17031_none_6242a4b3ecbb55a1\COMCTL32.dll
0x000000006b5a0000 - 0x000000006b672000 	C:\PROGRA~1\Java\JDK18~1.0_2\jre\bin\msvcr100.dll
0x000000006ba70000 - 0x000000006c2ca000 	C:\PROGRA~1\Java\JDK18~1.0_2\jre\bin\server\jvm.dll
0x00007ffa12ea0000 - 0x00007ffa12ea9000 	C:\WINDOWS\SYSTEM32\WSOCK32.dll
0x00007ffa19550000 - 0x00007ffa1956f000 	C:\WINDOWS\SYSTEM32\WINMM.dll
0x00007ffa1e370000 - 0x00007ffa1e377000 	C:\WINDOWS\system32\PSAPI.DLL
0x00007ffa1e4d0000 - 0x00007ffa1e528000 	C:\WINDOWS\system32\WS2_32.dll
0x00007ffa194e0000 - 0x00007ffa1950a000 	C:\WINDOWS\SYSTEM32\WINMMBASE.dll
0x00007ffa1e380000 - 0x00007ffa1e389000 	C:\WINDOWS\system32\NSI.dll
0x00007ffa1d660000 - 0x00007ffa1d6aa000 	C:\WINDOWS\SYSTEM32\cfgmgr32.dll
0x00007ffa1bfd0000 - 0x00007ffa1bff6000 	C:\WINDOWS\SYSTEM32\DEVOBJ.dll
0x000000006ba60000 - 0x000000006ba6f000 	C:\PROGRA~1\Java\JDK18~1.0_2\jre\bin\verify.dll
0x000000006ba30000 - 0x000000006ba58000 	C:\PROGRA~1\Java\JDK18~1.0_2\jre\bin\java.dll
0x000000006ba10000 - 0x000000006ba26000 	C:\PROGRA~1\Java\JDK18~1.0_2\jre\bin\zip.dll
0x00007ffa10850000 - 0x00007ffa109d8000 	C:\WINDOWS\SYSTEM32\dbghelp.dll

VM Arguments:
jvm_args: -Xmx1024M -Xss1m -Djava.ext.dirs=D:\Android SDK\build-tools\21.1.2\lib 
java_command: D:\Android SDK\build-tools\21.1.2\lib\dx.jar --dex --output E:\Projekte\SpotiCast2\app\build\intermediates\pre-dexed\debug\classes-fff693f7fd04ffc593a330397673f3ac1a8cd60a.jar E:\Projekte\SpotiCast2\app\build\intermediates\exploded-aar\com.android.support\mediarouter-v7\21.0.3\classes.jar
java_class_path (initial): D:\Android SDK\build-tools\21.1.2\lib\dx.jar
Launcher Type: SUN_STANDARD

Environment Variables:
JAVA_HOME=C:\Program Files\Java\jdk1.8.0_25
PATH=C:\ProgramData\Oracle\Java\javapath;C:\Program Files (x86)\NVIDIA Corporation\PhysX\Common;C:\WINDOWS\system32;C:\WINDOWS;C:\WINDOWS\System32\Wbem;C:\WINDOWS\System32\WindowsPowerShell\v1.0\;C:\Program Files (x86)\Intel\OpenCL SDK\2.0\bin\x86;C:\Program Files (x86)\Intel\OpenCL SDK\2.0\bin\x64;C:\Program Files\Microsoft SQL Server\110\Tools\Binn\;D:\Tortoise\bin;C:\Program Files\Microsoft Network Monitor 3\;C:\Program Files\Microsoft\Web Platform Installer\;C:\Program Files (x86)\Microsoft SDKs\TypeScript\1.0\;C:\Program Files\Java\jdk1.8.0_25;C:\Ruby200-x64\bin;C:\Program Files\Java\jdk1.8.0_25\bin
USERNAME=Patrick
OS=Windows_NT
PROCESSOR_IDENTIFIER=Intel64 Family 6 Model 58 Stepping 9, GenuineIntel



---------------  S Y S T E M  ---------------

OS: Windows 8.1 , 64 bit Build 9600 

CPU:total 4 (4 cores per cpu, 1 threads per core) family 6 model 58 stepping 9, cmov, cx8, fxsr, mmx, sse, sse2, sse3, ssse3, sse4.1, sse4.2, popcnt, avx, aes, clmul, erms, tsc, tscinvbit, tscinv

Memory: 4k page, physical 8270520k(1705116k free), swap 9319096k(5120k free)

vm_info: Java HotSpot(TM) 64-Bit Server VM (25.25-b02) for windows-amd64 JRE (1.8.0_25-b18), built on Oct  7 2014 14:25:37 by "java_re" with MS VC++ 10.0 (VS2010)

time: Sat Dec 13 19:44:36 2014
elapsed time: 0 seconds (0d 0h 0m 0s)

