#
# There is insufficient memory for the Java Runtime Environment to continue.
# Native memory allocation (malloc) failed to allocate 32784 bytes for Chunk::new
# Possible reasons:
#   The system is out of physical RAM or swap space
#   In 32 bit mode, the process size limit was hit
# Possible solutions:
#   Reduce memory load on the system
#   Increase physical memory or swap space
#   Check if swap backing store is full
#   Use 64 bit Java on a 64 bit OS
#   Decrease Java heap size (-Xmx/-Xms)
#   Decrease number of Java threads
#   Decrease Java thread stack sizes (-Xss)
#   Set larger code cache with -XX:ReservedCodeCacheSize=
# This output file may be truncated or incomplete.
#
#  Out of Memory Error (allocation.cpp:390), pid=8108, tid=3252
#
# JRE version: Java(TM) SE Runtime Environment (8.0_25-b18) (build 1.8.0_25-b18)
# Java VM: Java HotSpot(TM) 64-Bit Server VM (25.25-b02 mixed mode windows-amd64 compressed oops)
# Failed to write core dump. Minidumps are not enabled by default on client versions of Windows
#

---------------  T H R E A D  ---------------

Current thread (0x0000000014f9e000):  JavaThread "C2 CompilerThread0" daemon [_thread_in_native, id=3252, stack(0x00000000164f0000,0x00000000165f0000)]

Stack: [0x00000000164f0000,0x00000000165f0000]
Native frames: (J=compiled Java code, j=interpreted, Vv=VM code, C=native code)
V  [jvm.dll+0x31667a]


Current CompileTask:
C2:    195  149       4       sun.nio.cs.UTF_8$Decoder::decode (779 bytes)


---------------  P R O C E S S  ---------------

Java Threads: ( => current thread )
  0x0000000014feb800 JavaThread "Service Thread" daemon [_thread_blocked, id=5172, stack(0x00000000167f0000,0x00000000168f0000)]
  0x0000000014fea000 JavaThread "C1 CompilerThread2" daemon [_thread_in_native, id=5352, stack(0x00000000166f0000,0x00000000167f0000)]
  0x0000000014fe7800 JavaThread "C2 CompilerThread1" daemon [_thread_blocked, id=7272, stack(0x00000000165f0000,0x00000000166f0000)]
=>0x0000000014f9e000 JavaThread "C2 CompilerThread0" daemon [_thread_in_native, id=3252, stack(0x00000000164f0000,0x00000000165f0000)]
  0x0000000014f9c800 JavaThread "Attach Listener" daemon [_thread_blocked, id=1128, stack(0x00000000163f0000,0x00000000164f0000)]
  0x0000000014f9c000 JavaThread "Signal Dispatcher" daemon [_thread_blocked, id=7740, stack(0x00000000162f0000,0x00000000163f0000)]
  0x0000000014f67800 JavaThread "Finalizer" daemon [_thread_blocked, id=1116, stack(0x00000000161f0000,0x00000000162f0000)]
  0x00000000028bd000 JavaThread "Reference Handler" daemon [_thread_blocked, id=6892, stack(0x00000000160f0000,0x00000000161f0000)]
  0x00000000027cd800 JavaThread "main" [_thread_in_vm, id=2288, stack(0x0000000002690000,0x0000000002790000)]

Other Threads:
  0x0000000014f66800 VMThread [stack: 0x0000000015ff0000,0x00000000160f0000] [id=4556]
  0x0000000014fee800 WatcherThread [stack: 0x00000000168f0000,0x00000000169f0000] [id=7004]

VM state:not at safepoint (normal execution)

VM Mutex/Monitor currently owned by a thread:  ([mutex/lock_event])
[0x00000000027ccb10] AdapterHandlerLibrary_lock - owner thread: 0x00000000027cd800

Heap:
 PSYoungGen      total 38400K, used 3347K [0x00000000eab00000, 0x00000000ed580000, 0x0000000100000000)
  eden space 33280K, 10% used [0x00000000eab00000,0x00000000eae44f98,0x00000000ecb80000)
  from space 5120K, 0% used [0x00000000ed080000,0x00000000ed080000,0x00000000ed580000)
  to   space 5120K, 0% used [0x00000000ecb80000,0x00000000ecb80000,0x00000000ed080000)
 ParOldGen       total 87552K, used 0K [0x00000000c0000000, 0x00000000c5580000, 0x00000000eab00000)
  object space 87552K, 0% used [0x00000000c0000000,0x00000000c0000000,0x00000000c5580000)
 Metaspace       used 3136K, capacity 4720K, committed 4864K, reserved 1056768K
  class space    used 340K, capacity 424K, committed 512K, reserved 1048576K

Card table byte_map: [0x0000000011c90000,0x0000000011ea0000] byte_map_base: 0x0000000011690000

Marking Bits: (ParMarkBitMap*) 0x000000006c24d490
 Begin Bits: [0x0000000012400000, 0x0000000013400000)
 End Bits:   [0x0000000013400000, 0x0000000014400000)

Polling page: 0x0000000000c80000

CodeCache: size=245760Kb used=1342Kb max_used=1342Kb free=244417Kb
 bounds [0x00000000028d0000, 0x0000000002b40000, 0x00000000118d0000]
 total_blobs=374 nmethods=134 adapters=154
 compilation: enabled

Compilation events (10 events):
Event: 0.191 Thread 0x0000000014fea000  132       3       java.util.Date::normalize (269 bytes)
Event: 0.192 Thread 0x0000000014f9e000  149       4       sun.nio.cs.UTF_8$Decoder::decode (779 bytes)
Event: 0.193 Thread 0x0000000014fea000 nmethod 132 0x0000000002a19ed0 code [0x0000000002a1a320, 0x0000000002a1dc88]
Event: 0.193 Thread 0x0000000014fea000  147       1       sun.util.calendar.CalendarDate::setTimeOfDay (6 bytes)
Event: 0.193 Thread 0x0000000014fea000 nmethod 147 0x0000000002a1f2d0 code [0x0000000002a1f420, 0x0000000002a1f530]
Event: 0.193 Thread 0x0000000014fea000  148       1       sun.util.calendar.CalendarDate::setLeapYear (6 bytes)
Event: 0.193 Thread 0x0000000014fea000 nmethod 148 0x0000000002a1f590 code [0x0000000002a1f6e0, 0x0000000002a1f7f0]
Event: 0.193 Thread 0x0000000014fea000  127       3       java.nio.charset.CharsetDecoder::maxCharsPerByte (5 bytes)
Event: 0.193 Thread 0x0000000014fea000 nmethod 127 0x0000000002a1f850 code [0x0000000002a1f9a0, 0x0000000002a1faf0]
Event: 0.193 Thread 0x0000000014fea000  130       3       java.util.zip.ZipEntry::setExtra0 (350 bytes)

GC Heap History (0 events):
No events

Deoptimization events (0 events):
No events

Internal exceptions (2 events):
Event: 0.031 Thread 0x00000000027cd800 Exception <a 'java/lang/NoSuchMethodError': Method sun.misc.Unsafe.defineClass(Ljava/lang/String;[BII)Ljava/lang/Class; name or signature does not match> (0x00000000eab0c5f8) thrown at [D:\re\workspace\8-2-build-windows-amd64-cygwin\jdk8u25\1677\hotspot\sr–Ü≥„±bü?
Event: 0.031 Thread 0x00000000027cd800 Exception <a 'java/lang/NoSuchMethodError': Method sun.misc.Unsafe.prefetchRead(Ljava/lang/Object;J)V name or signature does not match> (0x00000000eab0c888) thrown at [D:\re\workspace\8-2-build-windows-amd64-cygwin\jdk8u25\1677\hotspot\src\share\vm\prims\j

Events (10 events):
Event: 0.162 loading class com/android/dx/dex/file/ClassDefsSection
Event: 0.162 loading class com/android/dx/dex/file/ClassDefsSection done
Event: 0.163 loading class com/android/dx/cf/direct/ClassPathOpener
Event: 0.163 loading class com/android/dx/cf/direct/ClassPathOpener done
Event: 0.164 loading class com/android/dx/cf/direct/ClassPathOpener$1
Event: 0.164 loading class com/android/dx/cf/direct/ClassPathOpener$1 done
Event: 0.164 loading class com/android/dx/command/dexer/Main$1
Event: 0.164 loading class com/android/dx/command/dexer/Main$1 done
Event: 0.165 loading class java/util/zip/ZipFile$ZipEntryIterator
Event: 0.165 loading class java/util/zip/ZipFile$ZipEntryIterator done


Dynamic libraries:
0x00007ff69cc30000 - 0x00007ff69cc64000 	C:\PROGRA~1\Java\JDK18~1.0_2\bin\java.exe
0x00007ffa1fe30000 - 0x00007ffa1ffd6000 	C:\WINDOWS\SYSTEM32\ntdll.dll
0x00007ffa1fcf0000 - 0x00007ffa1fe2a000 	C:\WINDOWS\system32\KERNEL32.DLL
0x00007ffa1d550000 - 0x00007ffa1d65f000 	C:\WINDOWS\system32\KERNELBASE.dll
0x00007ffa1bd70000 - 0x00007ffa1bdf8000 	C:\WINDOWS\system32\apphelp.dll
0x00007ffa10d30000 - 0x00007ffa10d7f000 	C:\WINDOWS\AppPatch\AppPatch64\AcGenral.DLL
0x00007ffa1d9a0000 - 0x00007ffa1da47000 	C:\WINDOWS\system32\msvcrt.dll
0x00007ffa1cfa0000 - 0x00007ffa1cfcb000 	C:\WINDOWS\SYSTEM32\SspiCli.dll
0x00007ffa1da50000 - 0x00007ffa1daa1000 	C:\WINDOWS\system32\SHLWAPI.dll
0x00007ffa1e1e0000 - 0x00007ffa1e351000 	C:\WINDOWS\system32\USER32.dll
0x00007ffa1d6b0000 - 0x00007ffa1d828000 	C:\WINDOWS\system32\ole32.dll
0x00007ffa1e870000 - 0x00007ffa1fc7f000 	C:\WINDOWS\system32\SHELL32.dll
0x00007ffa1c8c0000 - 0x00007ffa1c8de000 	C:\WINDOWS\SYSTEM32\USERENV.dll
0x00007ffa1e5e0000 - 0x00007ffa1e685000 	C:\WINDOWS\system32\ADVAPI32.dll
0x00007ffa12fc0000 - 0x00007ffa12fdb000 	C:\WINDOWS\SYSTEM32\MPR.dll
0x00007ffa1e040000 - 0x00007ffa1e177000 	C:\WINDOWS\system32\RPCRT4.dll
0x00007ffa1fc80000 - 0x00007ffa1fcd7000 	C:\WINDOWS\SYSTEM32\sechost.dll
0x00007ffa1de60000 - 0x00007ffa1e036000 	C:\WINDOWS\SYSTEM32\combase.dll
0x00007ffa1dcb0000 - 0x00007ffa1ddf4000 	C:\WINDOWS\system32\GDI32.dll
0x00007ffa1d1a0000 - 0x00007ffa1d1b4000 	C:\WINDOWS\SYSTEM32\profapi.dll
0x00007ffa1b760000 - 0x00007ffa1b7ff000 	C:\WINDOWS\SYSTEM32\SHCORE.dll
0x00007ffa1dc70000 - 0x00007ffa1dca4000 	C:\WINDOWS\system32\IMM32.DLL
0x00007ffa1e390000 - 0x00007ffa1e4c9000 	C:\WINDOWS\system32\MSCTF.dll
0x00007ffa1d150000 - 0x00007ffa1d181000 	C:\Windows\system32\nvinitx.dll
0x00007ffa1b180000 - 0x00007ffa1b3da000 	C:\WINDOWS\WinSxS\amd64_microsoft.windows.common-controls_6595b64144ccf1df_6.0.9600.17031_none_6242a4b3ecbb55a1\COMCTL32.dll
0x000000006b5a0000 - 0x000000006b672000 	C:\PROGRA~1\Java\JDK18~1.0_2\jre\bin\msvcr100.dll
0x000000006ba70000 - 0x000000006c2ca000 	C:\PROGRA~1\Java\JDK18~1.0_2\jre\bin\server\jvm.dll
0x00007ffa12ea0000 - 0x00007ffa12ea9000 	C:\WINDOWS\SYSTEM32\WSOCK32.dll
0x00007ffa19550000 - 0x00007ffa1956f000 	C:\WINDOWS\SYSTEM32\WINMM.dll
0x00007ffa1e370000 - 0x00007ffa1e377000 	C:\WINDOWS\system32\PSAPI.DLL
0x00007ffa1e4d0000 - 0x00007ffa1e528000 	C:\WINDOWS\system32\WS2_32.dll
0x00007ffa194e0000 - 0x00007ffa1950a000 	C:\WINDOWS\SYSTEM32\WINMMBASE.dll
0x00007ffa1e380000 - 0x00007ffa1e389000 	C:\WINDOWS\system32\NSI.dll
0x00007ffa1d660000 - 0x00007ffa1d6aa000 	C:\WINDOWS\SYSTEM32\cfgmgr32.dll
0x00007ffa1bfd0000 - 0x00007ffa1bff6000 	C:\WINDOWS\SYSTEM32\DEVOBJ.dll
0x000000006ba60000 - 0x000000006ba6f000 	C:\PROGRA~1\Java\JDK18~1.0_2\jre\bin\verify.dll
0x000000006ba30000 - 0x000000006ba58000 	C:\PROGRA~1\Java\JDK18~1.0_2\jre\bin\java.dll
0x000000006ba10000 - 0x000000006ba26000 	C:\PROGRA~1\Java\JDK18~1.0_2\jre\bin\zip.dll

VM Arguments:
jvm_args: -Xmx1024M -Xss1m -Djava.ext.dirs=D:\Android SDK\build-tools\21.1.2\lib 
java_command: D:\Android SDK\build-tools\21.1.2\lib\dx.jar --dex --output E:\Projekte\SpotiCast2\app\build\intermediates\pre-dexed\debug\classes-98d38fb81df5d86b08a7334f73610b0fe04cfb79.jar E:\Projekte\SpotiCast2\app\build\intermediates\exploded-aar\com.google.android.gms\play-services\6.1.71\classes.jar
java_class_path (initial): D:\Android SDK\build-tools\21.1.2\lib\dx.jar
Launcher Type: SUN_STANDARD

Environment Variables:
JAVA_HOME=C:\Program Files\Java\jdk1.8.0_25
PATH=C:\ProgramData\Oracle\Java\javapath;C:\Program Files (x86)\NVIDIA Corporation\PhysX\Common;C:\WINDOWS\system32;C:\WINDOWS;C:\WINDOWS\System32\Wbem;C:\WINDOWS\System32\WindowsPowerShell\v1.0\;C:\Program Files (x86)\Intel\OpenCL SDK\2.0\bin\x86;C:\Program Files (x86)\Intel\OpenCL SDK\2.0\bin\x64;C:\Program Files\Microsoft SQL Server\110\Tools\Binn\;D:\Tortoise\bin;C:\Program Files\Microsoft Network Monitor 3\;C:\Program Files\Microsoft\Web Platform Installer\;C:\Program Files (x86)\Microsoft SDKs\TypeScript\1.0\;C:\Program Files\Java\jdk1.8.0_25;C:\Ruby200-x64\bin;C:\Program Files\Java\jdk1.8.0_25\bin
USERNAME=Patrick
OS=Windows_NT
PROCESSOR_IDENTIFIER=Intel64 Family 6 Model 58 Stepping 9, GenuineIntel



---------------  S Y S T E M  ---------------

OS: Windows 8.1 , 64 bit Build 9600 

CPU:total 4 (4 cores per cpu, 1 threads per core) family 6 model 58 stepping 9, cmov, cx8, fxsr, mmx, sse, sse2, sse3, ssse3, sse4.1, sse4.2, popcnt, avx, aes, clmul, erms, tsc, tscinvbit, tscinv

Memory: 4k page, physical 8270520k(1711072k free), swap 9319096k(4960k free)

vm_info: Java HotSpot(TM) 64-Bit Server VM (25.25-b02) for windows-amd64 JRE (1.8.0_25-b18), built on Oct  7 2014 14:25:37 by "java_re" with MS VC++ 10.0 (VS2010)

time: Sat Dec 13 19:44:36 2014
elapsed time: 0 seconds (0d 0h 0m 0s)

